
Игрок MAX
Делаем ход (4, 5)

Игрок MIN
Делаем ход (3, 5)

Игрок MAX
Делаем ход (2, 5)

Игрок MIN
Делаем ход (5, 5)

Игрок MAX
Оценка полезности: 0.20833333333333331

Возвращаемся к игроку MIN
Значение beta обновлено: 0.20833333333333331
Делаем ход (3, 6)

Игрок MAX
Оценка полезности: 0.07142857142857145

Возвращаемся к игроку MIN
Значение beta обновлено: 0.07142857142857145
Делаем ход (5, 3)

Игрок MAX
Оценка полезности: 0.125

Возвращаемся к игроку MIN
После перебора всех вариантов худшее значение = 0.07142857142857145
Куда двигаться из этого положения: (3, 6)

Возвращаемся к игроку MAX
Значение alpha обновлено: 0.07142857142857145
Делаем ход (2, 6)

Игрок MIN
Делаем ход (5, 4)

Игрок MAX
Оценка полезности: 0.07142857142857145

Возвращаемся к игроку MIN
Отсечение! худшее значение = 0.07142857142857145  alpha = 0.07142857142857145
Куда двигаться из этого положения: (5, 4)

Возвращаемся к игроку MAX
Делаем ход (2, 3)

Игрок MIN
Делаем ход (3, 2)

Игрок MAX
Оценка полезности: 0.07142857142857145

Возвращаемся к игроку MIN
Отсечение! худшее значение = 0.07142857142857145  alpha = 0.07142857142857145
Куда двигаться из этого положения: (3, 2)

Возвращаемся к игроку MAX
Делаем ход (2, 4)

Игрок MIN
Делаем ход (1, 5)

Игрок MAX
Оценка полезности: -0.19999999999999996

Возвращаемся к игроку MIN
Отсечение! худшее значение = -0.19999999999999996  alpha = 0.07142857142857145
Куда двигаться из этого положения: (1, 5)

Возвращаемся к игроку MAX
Делаем ход (2, 2)

Игрок MIN
Делаем ход (5, 4)

Игрок MAX
Оценка полезности: 0.07142857142857145

Возвращаемся к игроку MIN
Отсечение! худшее значение = 0.07142857142857145  alpha = 0.07142857142857145
Куда двигаться из этого положения: (5, 4)

Возвращаемся к игроку MAX
После перебора всех вариантов лучшее значение = 0.07142857142857145
Куда двигаться из этого положения: (2, 5)->(3, 6)

Возвращаемся к игроку MIN
Значение beta обновлено: 0.07142857142857145
Делаем ход (5, 5)

Игрок MAX
Делаем ход (5, 4)

Игрок MIN
Делаем ход (3, 5)

Игрок MAX
Оценка полезности: -0.2678571428571429

Возвращаемся к игроку MIN
Значение beta обновлено: -0.2678571428571429
Делаем ход (5, 3)

Игрок MAX
Оценка полезности: -0.2678571428571429

Возвращаемся к игроку MIN
После перебора всех вариантов худшее значение = -0.2678571428571429
Куда двигаться из этого положения: (3, 5)

Возвращаемся к игроку MAX
Значение alpha обновлено: -0.2678571428571429
Делаем ход (3, 2)

Игрок MIN
Делаем ход (4, 2)

Игрок MAX
Оценка полезности: 0.0

Возвращаемся к игроку MIN
Значение beta обновлено: 0.0
Делаем ход (2, 4)

Игрок MAX
Оценка полезности: 0.038461538461538436

Возвращаемся к игроку MIN
Делаем ход (2, 2)

Игрок MAX
Оценка полезности: 0.09999999999999998

Возвращаемся к игроку MIN
Делаем ход (4, 6)

Игрок MAX
Оценка полезности: 0.0

Возвращаемся к игроку MIN
Делаем ход (3, 5)

Игрок MAX
Оценка полезности: 0.0

Возвращаемся к игроку MIN
После перебора всех вариантов худшее значение = 0.0
Куда двигаться из этого положения: (4, 2)

Возвращаемся к игроку MAX
Значение alpha обновлено: 0.0
Делаем ход (2, 3)

Игрок MIN
Делаем ход (4, 2)

Игрок MAX
Оценка полезности: -0.038461538461538436

Возвращаемся к игроку MIN
Отсечение! худшее значение = -0.038461538461538436  alpha = 0.0
Куда двигаться из этого положения: (4, 2)

Возвращаемся к игроку MAX
Делаем ход (6, 5)

Игрок MIN
Делаем ход (4, 6)

Игрок MAX
Оценка полезности: 0.0

Возвращаемся к игроку MIN
Отсечение! худшее значение = 0.0  alpha = 0.0
Куда двигаться из этого положения: (4, 6)

Возвращаемся к игроку MAX
После перебора всех вариантов лучшее значение = 0.0
Куда двигаться из этого положения: (3, 2)->(4, 2)

Возвращаемся к игроку MIN
Значение beta обновлено: 0.0
Делаем ход (5, 3)

Игрок MAX
Делаем ход (4, 2)

Игрок MIN
Делаем ход (5, 1)

Игрок MAX
Оценка полезности: -0.16666666666666663

Возвращаемся к игроку MIN
Значение beta обновлено: -0.16666666666666663
Делаем ход (3, 1)

Игрок MAX
Оценка полезности: -0.16666666666666663

Возвращаемся к игроку MIN
Делаем ход (5, 5)

Игрок MAX
Оценка полезности: -0.038461538461538436

Возвращаемся к игроку MIN
Делаем ход (3, 5)

Игрок MAX
Оценка полезности: -0.041666666666666685

Возвращаемся к игроку MIN
После перебора всех вариантов худшее значение = -0.16666666666666663
Куда двигаться из этого положения: (5, 1)

Возвращаемся к игроку MAX
Значение alpha обновлено: -0.16666666666666663
Делаем ход (3, 2)

Игрок MIN
Делаем ход (2, 5)

Игрок MAX
Оценка полезности: 0.0

Возвращаемся к игроку MIN
Делаем ход (2, 3)

Игрок MAX
Оценка полезности: 0.033333333333333326

Возвращаемся к игроку MIN
Делаем ход (4, 6)

Игрок MAX
Оценка полезности: -0.125

Возвращаемся к игроку MIN
Значение beta обновлено: -0.125
Делаем ход (2, 1)

Игрок MAX
Оценка полезности: -0.05555555555555558

Возвращаемся к игроку MIN
Делаем ход (3, 5)

Игрок MAX
Оценка полезности: 0.033333333333333326

Возвращаемся к игроку MIN
После перебора всех вариантов худшее значение = -0.125
Куда двигаться из этого положения: (4, 6)

Возвращаемся к игроку MAX
Значение alpha обновлено: -0.125
Делаем ход (6, 2)

Игрок MIN
Делаем ход (6, 3)

Игрок MAX
Оценка полезности: 0.04545454545454547

Возвращаемся к игроку MIN
Делаем ход (4, 6)

Игрок MAX
Оценка полезности: -0.125

Возвращаемся к игроку MIN
Отсечение! худшее значение = -0.125  alpha = -0.125
Куда двигаться из этого положения: (4, 6)

Возвращаемся к игроку MAX
Делаем ход (5, 2)

Игрок MIN
Делаем ход (5, 1)

Игрок MAX
Оценка полезности: -0.16666666666666663

Возвращаемся к игроку MIN
Отсечение! худшее значение = -0.16666666666666663  alpha = -0.125
Куда двигаться из этого положения: (5, 1)

Возвращаемся к игроку MAX
Делаем ход (2, 2)

Игрок MIN
Делаем ход (2, 5)

Игрок MAX
Оценка полезности: 0.0

Возвращаемся к игроку MIN
Делаем ход (2, 3)

Игрок MAX
Оценка полезности: 0.038461538461538436

Возвращаемся к игроку MIN
Делаем ход (4, 6)

Игрок MAX
Оценка полезности: -0.18055555555555558

Возвращаемся к игроку MIN
Отсечение! худшее значение = -0.18055555555555558  alpha = -0.125
Куда двигаться из этого положения: (4, 6)

Возвращаемся к игроку MAX
После перебора всех вариантов лучшее значение = -0.125
Куда двигаться из этого положения: (3, 2)->(4, 6)

Возвращаемся к игроку MIN
Значение beta обновлено: -0.125
После перебора всех вариантов худшее значение = -0.125
Куда двигаться из этого положения: (5, 3)->(3, 2)->(4, 6)

Возвращаемся к игроку MAX
Значение alpha обновлено: -0.125
Делаем ход (5, 4)

Игрок MIN
Делаем ход (3, 5)

Игрок MAX
Делаем ход (2, 5)

Игрок MIN
Делаем ход (1, 5)

Игрок MAX
Оценка полезности: -0.16666666666666663

Возвращаемся к игроку MIN
Отсечение! худшее значение = -0.16666666666666663  alpha = -0.125
Куда двигаться из этого положения: (1, 5)

Возвращаемся к игроку MAX
Делаем ход (2, 6)

Игрок MIN
Делаем ход (6, 4)

Игрок MAX
Оценка полезности: -0.125

Возвращаемся к игроку MIN
Отсечение! худшее значение = -0.125  alpha = -0.125
Куда двигаться из этого положения: (6, 4)

Возвращаемся к игроку MAX
Делаем ход (2, 3)

Игрок MIN
Делаем ход (1, 2)

Игрок MAX
Оценка полезности: -0.05555555555555558

Возвращаемся к игроку MIN
Значение beta обновлено: -0.05555555555555558
Делаем ход (6, 4)

Игрок MAX
Оценка полезности: -0.125

Возвращаемся к игроку MIN
Отсечение! худшее значение = -0.125  alpha = -0.125
Куда двигаться из этого положения: (6, 4)

Возвращаемся к игроку MAX
Делаем ход (2, 4)

Игрок MIN
Делаем ход (1, 5)

Игрок MAX
Оценка полезности: -0.16666666666666663

Возвращаемся к игроку MIN
Отсечение! худшее значение = -0.16666666666666663  alpha = -0.125
Куда двигаться из этого положения: (1, 5)

Возвращаемся к игроку MAX
Делаем ход (2, 2)

Игрок MIN
Делаем ход (6, 4)

Игрок MAX
Оценка полезности: -0.18055555555555558

Возвращаемся к игроку MIN
Отсечение! худшее значение = -0.18055555555555558  alpha = -0.125
Куда двигаться из этого положения: (6, 4)

Возвращаемся к игроку MAX
После перебора всех вариантов лучшее значение = -0.125
Куда двигаться из этого положения: (2, 6)->(6, 4)

Возвращаемся к игроку MIN
Отсечение! худшее значение = -0.125  alpha = -0.125
Куда двигаться из этого положения: (3, 5)->(2, 6)->(6, 4)

Возвращаемся к игроку MAX
Делаем ход (3, 2)

Игрок MIN
Делаем ход (4, 2)

Игрок MAX
Делаем ход (5, 1)

Игрок MIN
Делаем ход (2, 1)

Игрок MAX
Оценка полезности: 0.0

Возвращаемся к игроку MIN
Значение beta обновлено: 0.0
Делаем ход (2, 3)

Игрок MAX
Оценка полезности: 0.07142857142857145

Возвращаемся к игроку MIN
Делаем ход (2, 2)

Игрок MAX
Оценка полезности: 0.11538461538461536

Возвращаемся к игроку MIN
Делаем ход (2, 5)

Игрок MAX
Оценка полезности: 0.0

Возвращаемся к игроку MIN
Делаем ход (4, 1)

Игрок MAX
Оценка полезности: 0.038461538461538436

Возвращаемся к игроку MIN
Делаем ход (2, 4)

Игрок MAX
Оценка полезности: 0.0

Возвращаемся к игроку MIN
После перебора всех вариантов худшее значение = 0.0
Куда двигаться из этого положения: (2, 1)

Возвращаемся к игроку MAX
Значение alpha обновлено: 0.0
Делаем ход (5, 4)

Игрок MIN
Делаем ход (4, 5)

Игрок MAX
Оценка полезности: 0.07142857142857145

Возвращаемся к игроку MIN
Значение beta обновлено: 0.07142857142857145
Делаем ход (2, 4)

Игрок MAX
Оценка полезности: 0.20833333333333331

Возвращаемся к игроку MIN
Делаем ход (2, 2)

Игрок MAX
Оценка полезности: 0.125

Возвращаемся к игроку MIN
После перебора всех вариантов худшее значение = 0.07142857142857145
Куда двигаться из этого положения: (4, 5)

Возвращаемся к игроку MAX
Значение alpha обновлено: 0.07142857142857145
Делаем ход (5, 2)

Игрок MIN
Делаем ход (4, 1)

Игрок MAX
Оценка полезности: 0.07142857142857145

Возвращаемся к игроку MIN
Отсечение! худшее значение = 0.07142857142857145  alpha = 0.07142857142857145
Куда двигаться из этого положения: (4, 1)

Возвращаемся к игроку MAX
Делаем ход (5, 5)

Игрок MIN
Делаем ход (4, 5)

Игрок MAX
Оценка полезности: 0.038461538461538436

Возвращаемся к игроку MIN
Отсечение! худшее значение = 0.038461538461538436  alpha = 0.07142857142857145
Куда двигаться из этого положения: (4, 5)

Возвращаемся к игроку MAX
Делаем ход (5, 3)

Игрок MIN
Делаем ход (6, 4)

Игрок MAX
Оценка полезности: -0.19999999999999996

Возвращаемся к игроку MIN
Отсечение! худшее значение = -0.19999999999999996  alpha = 0.07142857142857145
Куда двигаться из этого положения: (6, 4)

Возвращаемся к игроку MAX
После перебора всех вариантов лучшее значение = 0.07142857142857145
Куда двигаться из этого положения: (5, 4)->(4, 5)

Возвращаемся к игроку MIN
Значение beta обновлено: 0.07142857142857145
Делаем ход (2, 4)

Игрок MAX
Делаем ход (4, 5)

Игрок MIN
Делаем ход (5, 6)

Игрок MAX
Оценка полезности: -0.05555555555555558

Возвращаемся к игроку MIN
Значение beta обновлено: -0.05555555555555558
Делаем ход (4, 2)

Игрок MAX
Оценка полезности: 0.033333333333333326

Возвращаемся к игроку MIN
Делаем ход (5, 4)

Игрок MAX
Оценка полезности: 0.033333333333333326

Возвращаемся к игроку MIN
Делаем ход (3, 1)

Игрок MAX
Оценка полезности: -0.125

Возвращаемся к игроку MIN
Отсечение! худшее значение = -0.125  alpha = -0.125
Куда двигаться из этого положения: (3, 1)

Возвращаемся к игроку MAX
Делаем ход (1, 5)

Игрок MIN
Делаем ход (4, 2)

Игрок MAX
Оценка полезности: 0.0

Возвращаемся к игроку MIN
Значение beta обновлено: 0.0
Делаем ход (3, 1)

Игрок MAX
Оценка полезности: -0.125

Возвращаемся к игроку MIN
Отсечение! худшее значение = -0.125  alpha = -0.125
Куда двигаться из этого положения: (3, 1)

Возвращаемся к игроку MAX
Делаем ход (2, 5)

Игрок MIN
Делаем ход (4, 2)

Игрок MAX
Оценка полезности: -0.025000000000000022

Возвращаемся к игроку MIN
Значение beta обновлено: -0.025000000000000022
Делаем ход (2, 6)

Игрок MAX
Оценка полезности: -0.16666666666666663

Возвращаемся к игроку MIN
Отсечение! худшее значение = -0.16666666666666663  alpha = -0.125
Куда двигаться из этого положения: (2, 6)

Возвращаемся к игроку MAX
Делаем ход (5, 5)

Игрок MIN
Делаем ход (4, 2)

Игрок MAX
Оценка полезности: 0.0

Возвращаемся к игроку MIN
Значение beta обновлено: 0.0
Делаем ход (5, 4)

Игрок MAX
Оценка полезности: 0.038461538461538436

Возвращаемся к игроку MIN
Делаем ход (3, 1)

Игрок MAX
Оценка полезности: -0.18055555555555558

Возвращаемся к игроку MIN
Отсечение! худшее значение = -0.18055555555555558  alpha = -0.125
Куда двигаться из этого положения: (3, 1)

Возвращаемся к игроку MAX
Делаем ход (3, 5)

Игрок MIN
Делаем ход (4, 2)

Игрок MAX
Оценка полезности: -0.041666666666666685

Возвращаемся к игроку MIN
Значение beta обновлено: -0.041666666666666685
Делаем ход (2, 6)

Игрок MAX
Оценка полезности: -0.16666666666666663

Возвращаемся к игроку MIN
Отсечение! худшее значение = -0.16666666666666663  alpha = -0.125
Куда двигаться из этого положения: (2, 6)

Возвращаемся к игроку MAX
После перебора всех вариантов лучшее значение = -0.125
Куда двигаться из этого положения: (4, 5)->(3, 1)

Возвращаемся к игроку MIN
Отсечение! худшее значение = -0.125  alpha = -0.125
Куда двигаться из этого положения: (2, 4)->(4, 5)->(3, 1)

Возвращаемся к игроку MAX
Делаем ход (2, 3)

Игрок MIN
Делаем ход (4, 2)

Игрок MAX
Делаем ход (5, 1)

Игрок MIN
Делаем ход (2, 5)

Игрок MAX
Оценка полезности: 0.05555555555555558

Возвращаемся к игроку MIN
Значение beta обновлено: 0.05555555555555558
Делаем ход (1, 3)

Игрок MAX
Оценка полезности: -0.125

Возвращаемся к игроку MIN
Отсечение! худшее значение = -0.125  alpha = -0.125
Куда двигаться из этого положения: (1, 3)

Возвращаемся к игроку MAX
Делаем ход (5, 4)

Игрок MIN
Делаем ход (4, 5)

Игрок MAX
Оценка полезности: 0.033333333333333326

Возвращаемся к игроку MIN
Значение beta обновлено: 0.033333333333333326
Делаем ход (2, 5)

Игрок MAX
Оценка полезности: 0.0

Возвращаемся к игроку MIN
Значение beta обновлено: 0.0
Делаем ход (1, 3)

Игрок MAX
Оценка полезности: -0.125

Возвращаемся к игроку MIN
Отсечение! худшее значение = -0.125  alpha = -0.125
Куда двигаться из этого положения: (1, 3)

Возвращаемся к игроку MAX
Делаем ход (5, 2)

Игрок MIN
Делаем ход (6, 2)

Игрок MAX
Оценка полезности: -0.16666666666666663

Возвращаемся к игроку MIN
Отсечение! худшее значение = -0.16666666666666663  alpha = -0.125
Куда двигаться из этого положения: (6, 2)

Возвращаемся к игроку MAX
Делаем ход (5, 5)

Игрок MIN
Делаем ход (4, 5)

Игрок MAX
Оценка полезности: 0.038461538461538436

Возвращаемся к игроку MIN
Значение beta обновлено: 0.038461538461538436
Делаем ход (2, 5)

Игрок MAX
Оценка полезности: 0.0

Возвращаемся к игроку MIN
Значение beta обновлено: 0.0
Делаем ход (1, 3)

Игрок MAX
Оценка полезности: -0.18055555555555558

Возвращаемся к игроку MIN
Отсечение! худшее значение = -0.18055555555555558  alpha = -0.125
Куда двигаться из этого положения: (1, 3)

Возвращаемся к игроку MAX
Делаем ход (5, 3)

Игрок MIN
Делаем ход (6, 4)

Игрок MAX
Оценка полезности: -0.16666666666666663

Возвращаемся к игроку MIN
Отсечение! худшее значение = -0.16666666666666663  alpha = -0.125
Куда двигаться из этого положения: (6, 4)

Возвращаемся к игроку MAX
После перебора всех вариантов лучшее значение = -0.125
Куда двигаться из этого положения: (5, 1)->(1, 3)

Возвращаемся к игроку MIN
Отсечение! худшее значение = -0.125  alpha = -0.125
Куда двигаться из этого положения: (4, 2)->(5, 1)->(1, 3)

Возвращаемся к игроку MAX
После перебора всех вариантов лучшее значение = -0.125
Куда двигаться из этого положения: (4, 5)->(5, 3)->(3, 2)->(4, 6)
b-----------------b
| * * * * * * * * |
| * * * * * * * * |
| * * * * * * * * |
| * * b b b * * * |
| * * * w w w w * |
| * * * w * * * * |
| * * * * * * * * |
| * * * * * * * * |
b-----------------b
