
Игрок MAX, состояние игры:
* * * * * * * *
* * * * * * * *
* * * * * * * *
* * * w b * * *
* * * b w * * *
* * * * * * * *
* * * * * * * *
* * * * * * * *
Делаем ход (4, 5)

Игрок MIN, состояние игры:
* * * * * * * *
* * * * * * * *
* * * * * * * *
* * * w b * * *
* * * b b b * *
* * * * * * * *
* * * * * * * *
* * * * * * * *
Делаем ход (3, 5)

Игрок MAX, состояние игры:
* * * * * * * *
* * * * * * * *
* * * * * * * *
* * * w w w * *
* * * b b b * *
* * * * * * * *
* * * * * * * *
* * * * * * * *
Делаем ход (2, 5)

Игрок MIN, состояние игры:
* * * * * * * *
* * * * * * * *
* * * * * b * *
* * * w b b * *
* * * b b b * *
* * * * * * * *
* * * * * * * *
* * * * * * * *
Делаем ход (5, 5)

Игрок MAX, состояние игры:
* * * * * * * *
* * * * * * * *
* * * * * b * *
* * * w b b * *
* * * b w b * *
* * * * * w * *
* * * * * * * *
* * * * * * * *
Оценка полезности: 0.20833333333333331

Возвращаемся к игроку MIN, состояние игры:
* * * * * * * *
* * * * * * * *
* * * * * b * *
* * * w b b * *
* * * b b b * *
* * * * * * * *
* * * * * * * *
* * * * * * * *
Значение beta обновлено: 0.20833333333333331
Делаем ход (3, 6)

Игрок MAX, состояние игры:
* * * * * * * *
* * * * * * * *
* * * * * b * *
* * * w w w w *
* * * b b b * *
* * * * * * * *
* * * * * * * *
* * * * * * * *
Оценка полезности: 0.07142857142857145

Возвращаемся к игроку MIN, состояние игры:
* * * * * * * *
* * * * * * * *
* * * * * b * *
* * * w b b * *
* * * b b b * *
* * * * * * * *
* * * * * * * *
* * * * * * * *
Значение beta обновлено: 0.07142857142857145
Делаем ход (5, 3)

Игрок MAX, состояние игры:
* * * * * * * *
* * * * * * * *
* * * * * b * *
* * * w b b * *
* * * w b b * *
* * * w * * * *
* * * * * * * *
* * * * * * * *
Оценка полезности: 0.125

Возвращаемся к игроку MIN, состояние игры:
* * * * * * * *
* * * * * * * *
* * * * * b * *
* * * w b b * *
* * * b b b * *
* * * * * * * *
* * * * * * * *
* * * * * * * *
После перебора всех вариантов худшее значение = 0.07142857142857145
Куда двигаться из этого положения: (3, 6)

Возвращаемся к игроку MAX, состояние игры:
* * * * * * * *
* * * * * * * *
* * * * * * * *
* * * w w w * *
* * * b b b * *
* * * * * * * *
* * * * * * * *
* * * * * * * *
Значение alpha обновлено: 0.07142857142857145
Делаем ход (2, 6)

Игрок MIN, состояние игры:
* * * * * * * *
* * * * * * * *
* * * * * * b *
* * * w w b * *
* * * b b b * *
* * * * * * * *
* * * * * * * *
* * * * * * * *
Делаем ход (5, 4)

Игрок MAX, состояние игры:
* * * * * * * *
* * * * * * * *
* * * * * * b *
* * * w w b * *
* * * b w b * *
* * * * w * * *
* * * * * * * *
* * * * * * * *
Оценка полезности: 0.07142857142857145

Возвращаемся к игроку MIN, состояние игры:
* * * * * * * *
* * * * * * * *
* * * * * * b *
* * * w w b * *
* * * b b b * *
* * * * * * * *
* * * * * * * *
* * * * * * * *
Отсечение! худшее значение = 0.07142857142857145  alpha = 0.07142857142857145
Куда двигаться из этого положения: (5, 4)

Возвращаемся к игроку MAX, состояние игры:
* * * * * * * *
* * * * * * * *
* * * * * * * *
* * * w w w * *
* * * b b b * *
* * * * * * * *
* * * * * * * *
* * * * * * * *
Делаем ход (2, 3)

Игрок MIN, состояние игры:
* * * * * * * *
* * * * * * * *
* * * b * * * *
* * * b b w * *
* * * b b b * *
* * * * * * * *
* * * * * * * *
* * * * * * * *
Делаем ход (3, 2)

Игрок MAX, состояние игры:
* * * * * * * *
* * * * * * * *
* * * b * * * *
* * w w w w * *
* * * b b b * *
* * * * * * * *
* * * * * * * *
* * * * * * * *
Оценка полезности: 0.07142857142857145

Возвращаемся к игроку MIN, состояние игры:
* * * * * * * *
* * * * * * * *
* * * b * * * *
* * * b b w * *
* * * b b b * *
* * * * * * * *
* * * * * * * *
* * * * * * * *
Отсечение! худшее значение = 0.07142857142857145  alpha = 0.07142857142857145
Куда двигаться из этого положения: (3, 2)

Возвращаемся к игроку MAX, состояние игры:
* * * * * * * *
* * * * * * * *
* * * * * * * *
* * * w w w * *
* * * b b b * *
* * * * * * * *
* * * * * * * *
* * * * * * * *
Делаем ход (2, 4)

Игрок MIN, состояние игры:
* * * * * * * *
* * * * * * * *
* * * * b * * *
* * * w b w * *
* * * b b b * *
* * * * * * * *
* * * * * * * *
* * * * * * * *
Делаем ход (1, 5)

Игрок MAX, состояние игры:
* * * * * * * *
* * * * * w * *
* * * * w * * *
* * * w b w * *
* * * b b b * *
* * * * * * * *
* * * * * * * *
* * * * * * * *
Оценка полезности: -0.19999999999999996

Возвращаемся к игроку MIN, состояние игры:
* * * * * * * *
* * * * * * * *
* * * * b * * *
* * * w b w * *
* * * b b b * *
* * * * * * * *
* * * * * * * *
* * * * * * * *
Отсечение! худшее значение = -0.19999999999999996  alpha = 0.07142857142857145
Куда двигаться из этого положения: (1, 5)

Возвращаемся к игроку MAX, состояние игры:
* * * * * * * *
* * * * * * * *
* * * * * * * *
* * * w w w * *
* * * b b b * *
* * * * * * * *
* * * * * * * *
* * * * * * * *
Делаем ход (2, 2)

Игрок MIN, состояние игры:
* * * * * * * *
* * * * * * * *
* * b * * * * *
* * * b w w * *
* * * b b b * *
* * * * * * * *
* * * * * * * *
* * * * * * * *
Делаем ход (5, 4)

Игрок MAX, состояние игры:
* * * * * * * *
* * * * * * * *
* * b * * * * *
* * * b w w * *
* * * b w b * *
* * * * w * * *
* * * * * * * *
* * * * * * * *
Оценка полезности: 0.07142857142857145

Возвращаемся к игроку MIN, состояние игры:
* * * * * * * *
* * * * * * * *
* * b * * * * *
* * * b w w * *
* * * b b b * *
* * * * * * * *
* * * * * * * *
* * * * * * * *
Отсечение! худшее значение = 0.07142857142857145  alpha = 0.07142857142857145
Куда двигаться из этого положения: (5, 4)

Возвращаемся к игроку MAX, состояние игры:
* * * * * * * *
* * * * * * * *
* * * * * * * *
* * * w w w * *
* * * b b b * *
* * * * * * * *
* * * * * * * *
* * * * * * * *
После перебора всех вариантов лучшее значение = 0.07142857142857145
Куда двигаться из этого положения: (2, 5)->(3, 6)

Возвращаемся к игроку MIN, состояние игры:
* * * * * * * *
* * * * * * * *
* * * * * * * *
* * * w b * * *
* * * b b b * *
* * * * * * * *
* * * * * * * *
* * * * * * * *
Значение beta обновлено: 0.07142857142857145
Делаем ход (5, 5)

Игрок MAX, состояние игры:
* * * * * * * *
* * * * * * * *
* * * * * * * *
* * * w b * * *
* * * b w b * *
* * * * * w * *
* * * * * * * *
* * * * * * * *
Делаем ход (5, 4)

Игрок MIN, состояние игры:
* * * * * * * *
* * * * * * * *
* * * * * * * *
* * * w b * * *
* * * b b b * *
* * * * b w * *
* * * * * * * *
* * * * * * * *
Делаем ход (3, 5)

Игрок MAX, состояние игры:
* * * * * * * *
* * * * * * * *
* * * * * * * *
* * * w w w * *
* * * b b w * *
* * * * b w * *
* * * * * * * *
* * * * * * * *
Оценка полезности: -0.2678571428571429

Возвращаемся к игроку MIN, состояние игры:
* * * * * * * *
* * * * * * * *
* * * * * * * *
* * * w b * * *
* * * b b b * *
* * * * b w * *
* * * * * * * *
* * * * * * * *
Значение beta обновлено: -0.2678571428571429
Делаем ход (5, 3)

Игрок MAX, состояние игры:
* * * * * * * *
* * * * * * * *
* * * * * * * *
* * * w b * * *
* * * w b b * *
* * * w w w * *
* * * * * * * *
* * * * * * * *
Оценка полезности: -0.2678571428571429

Возвращаемся к игроку MIN, состояние игры:
* * * * * * * *
* * * * * * * *
* * * * * * * *
* * * w b * * *
* * * b b b * *
* * * * b w * *
* * * * * * * *
* * * * * * * *
После перебора всех вариантов худшее значение = -0.2678571428571429
Куда двигаться из этого положения: (3, 5)

Возвращаемся к игроку MAX, состояние игры:
* * * * * * * *
* * * * * * * *
* * * * * * * *
* * * w b * * *
* * * b w b * *
* * * * * w * *
* * * * * * * *
* * * * * * * *
Значение alpha обновлено: -0.2678571428571429
Делаем ход (3, 2)

Игрок MIN, состояние игры:
* * * * * * * *
* * * * * * * *
* * * * * * * *
* * b b b * * *
* * * b w b * *
* * * * * w * *
* * * * * * * *
* * * * * * * *
Делаем ход (4, 2)

Игрок MAX, состояние игры:
* * * * * * * *
* * * * * * * *
* * * * * * * *
* * b b b * * *
* * w w w b * *
* * * * * w * *
* * * * * * * *
* * * * * * * *
Оценка полезности: 0.0

Возвращаемся к игроку MIN, состояние игры:
* * * * * * * *
* * * * * * * *
* * * * * * * *
* * b b b * * *
* * * b w b * *
* * * * * w * *
* * * * * * * *
* * * * * * * *
Значение beta обновлено: 0.0
Делаем ход (2, 4)

Игрок MAX, состояние игры:
* * * * * * * *
* * * * * * * *
* * * * w * * *
* * b b w * * *
* * * b w b * *
* * * * * w * *
* * * * * * * *
* * * * * * * *
Оценка полезности: 0.038461538461538436

Возвращаемся к игроку MIN, состояние игры:
* * * * * * * *
* * * * * * * *
* * * * * * * *
* * b b b * * *
* * * b w b * *
* * * * * w * *
* * * * * * * *
* * * * * * * *
Делаем ход (2, 2)

Игрок MAX, состояние игры:
* * * * * * * *
* * * * * * * *
* * w * * * * *
* * b w b * * *
* * * b w b * *
* * * * * w * *
* * * * * * * *
* * * * * * * *
Оценка полезности: 0.09999999999999998

Возвращаемся к игроку MIN, состояние игры:
* * * * * * * *
* * * * * * * *
* * * * * * * *
* * b b b * * *
* * * b w b * *
* * * * * w * *
* * * * * * * *
* * * * * * * *
Делаем ход (4, 6)

Игрок MAX, состояние игры:
* * * * * * * *
* * * * * * * *
* * * * * * * *
* * b b b * * *
* * * b w w w *
* * * * * w * *
* * * * * * * *
* * * * * * * *
Оценка полезности: 0.0

Возвращаемся к игроку MIN, состояние игры:
* * * * * * * *
* * * * * * * *
* * * * * * * *
* * b b b * * *
* * * b w b * *
* * * * * w * *
* * * * * * * *
* * * * * * * *
Делаем ход (3, 5)

Игрок MAX, состояние игры:
* * * * * * * *
* * * * * * * *
* * * * * * * *
* * b b b w * *
* * * b w w * *
* * * * * w * *
* * * * * * * *
* * * * * * * *
Оценка полезности: 0.0

Возвращаемся к игроку MIN, состояние игры:
* * * * * * * *
* * * * * * * *
* * * * * * * *
* * b b b * * *
* * * b w b * *
* * * * * w * *
* * * * * * * *
* * * * * * * *
После перебора всех вариантов худшее значение = 0.0
Куда двигаться из этого положения: (4, 2)

Возвращаемся к игроку MAX, состояние игры:
* * * * * * * *
* * * * * * * *
* * * * * * * *
* * * w b * * *
* * * b w b * *
* * * * * w * *
* * * * * * * *
* * * * * * * *
Значение alpha обновлено: 0.0
Делаем ход (2, 3)

Игрок MIN, состояние игры:
* * * * * * * *
* * * * * * * *
* * * b * * * *
* * * b b * * *
* * * b w b * *
* * * * * w * *
* * * * * * * *
* * * * * * * *
Делаем ход (4, 2)

Игрок MAX, состояние игры:
* * * * * * * *
* * * * * * * *
* * * b * * * *
* * * b b * * *
* * w w w b * *
* * * * * w * *
* * * * * * * *
* * * * * * * *
Оценка полезности: -0.038461538461538436

Возвращаемся к игроку MIN, состояние игры:
* * * * * * * *
* * * * * * * *
* * * b * * * *
* * * b b * * *
* * * b w b * *
* * * * * w * *
* * * * * * * *
* * * * * * * *
Отсечение! худшее значение = -0.038461538461538436  alpha = 0.0
Куда двигаться из этого положения: (4, 2)

Возвращаемся к игроку MAX, состояние игры:
* * * * * * * *
* * * * * * * *
* * * * * * * *
* * * w b * * *
* * * b w b * *
* * * * * w * *
* * * * * * * *
* * * * * * * *
Делаем ход (6, 5)

Игрок MIN, состояние игры:
* * * * * * * *
* * * * * * * *
* * * * * * * *
* * * w b * * *
* * * b w b * *
* * * * * b * *
* * * * * b * *
* * * * * * * *
Делаем ход (4, 6)

Игрок MAX, состояние игры:
* * * * * * * *
* * * * * * * *
* * * * * * * *
* * * w b * * *
* * * b w w w *
* * * * * b * *
* * * * * b * *
* * * * * * * *
Оценка полезности: 0.0

Возвращаемся к игроку MIN, состояние игры:
* * * * * * * *
* * * * * * * *
* * * * * * * *
* * * w b * * *
* * * b w b * *
* * * * * b * *
* * * * * b * *
* * * * * * * *
Отсечение! худшее значение = 0.0  alpha = 0.0
Куда двигаться из этого положения: (4, 6)

Возвращаемся к игроку MAX, состояние игры:
* * * * * * * *
* * * * * * * *
* * * * * * * *
* * * w b * * *
* * * b w b * *
* * * * * w * *
* * * * * * * *
* * * * * * * *
После перебора всех вариантов лучшее значение = 0.0
Куда двигаться из этого положения: (3, 2)->(4, 2)

Возвращаемся к игроку MIN, состояние игры:
* * * * * * * *
* * * * * * * *
* * * * * * * *
* * * w b * * *
* * * b b b * *
* * * * * * * *
* * * * * * * *
* * * * * * * *
Значение beta обновлено: 0.0
Делаем ход (5, 3)

Игрок MAX, состояние игры:
* * * * * * * *
* * * * * * * *
* * * * * * * *
* * * w b * * *
* * * w b b * *
* * * w * * * *
* * * * * * * *
* * * * * * * *
Делаем ход (4, 2)

Игрок MIN, состояние игры:
* * * * * * * *
* * * * * * * *
* * * * * * * *
* * * w b * * *
* * b b b b * *
* * * w * * * *
* * * * * * * *
* * * * * * * *
Делаем ход (5, 1)

Игрок MAX, состояние игры:
* * * * * * * *
* * * * * * * *
* * * * * * * *
* * * w b * * *
* * w b b b * *
* w * w * * * *
* * * * * * * *
* * * * * * * *
Оценка полезности: -0.16666666666666663

Возвращаемся к игроку MIN, состояние игры:
* * * * * * * *
* * * * * * * *
* * * * * * * *
* * * w b * * *
* * b b b b * *
* * * w * * * *
* * * * * * * *
* * * * * * * *
Значение beta обновлено: -0.16666666666666663
Делаем ход (3, 1)

Игрок MAX, состояние игры:
* * * * * * * *
* * * * * * * *
* * * * * * * *
* w * w b * * *
* * w b b b * *
* * * w * * * *
* * * * * * * *
* * * * * * * *
Оценка полезности: -0.16666666666666663

Возвращаемся к игроку MIN, состояние игры:
* * * * * * * *
* * * * * * * *
* * * * * * * *
* * * w b * * *
* * b b b b * *
* * * w * * * *
* * * * * * * *
* * * * * * * *
Делаем ход (5, 5)

Игрок MAX, состояние игры:
* * * * * * * *
* * * * * * * *
* * * * * * * *
* * * w b * * *
* * b b w b * *
* * * w * w * *
* * * * * * * *
* * * * * * * *
Оценка полезности: -0.038461538461538436

Возвращаемся к игроку MIN, состояние игры:
* * * * * * * *
* * * * * * * *
* * * * * * * *
* * * w b * * *
* * b b b b * *
* * * w * * * *
* * * * * * * *
* * * * * * * *
Делаем ход (3, 5)

Игрок MAX, состояние игры:
* * * * * * * *
* * * * * * * *
* * * * * * * *
* * * w w w * *
* * b b w b * *
* * * w * * * *
* * * * * * * *
* * * * * * * *
Оценка полезности: -0.041666666666666685

Возвращаемся к игроку MIN, состояние игры:
* * * * * * * *
* * * * * * * *
* * * * * * * *
* * * w b * * *
* * b b b b * *
* * * w * * * *
* * * * * * * *
* * * * * * * *
После перебора всех вариантов худшее значение = -0.16666666666666663
Куда двигаться из этого положения: (5, 1)

Возвращаемся к игроку MAX, состояние игры:
* * * * * * * *
* * * * * * * *
* * * * * * * *
* * * w b * * *
* * * w b b * *
* * * w * * * *
* * * * * * * *
* * * * * * * *
Значение alpha обновлено: -0.16666666666666663
Делаем ход (3, 2)

Игрок MIN, состояние игры:
* * * * * * * *
* * * * * * * *
* * * * * * * *
* * b b b * * *
* * * w b b * *
* * * w * * * *
* * * * * * * *
* * * * * * * *
Делаем ход (2, 5)

Игрок MAX, состояние игры:
* * * * * * * *
* * * * * * * *
* * * * * w * *
* * b b w * * *
* * * w b b * *
* * * w * * * *
* * * * * * * *
* * * * * * * *
Оценка полезности: 0.0

Возвращаемся к игроку MIN, состояние игры:
* * * * * * * *
* * * * * * * *
* * * * * * * *
* * b b b * * *
* * * w b b * *
* * * w * * * *
* * * * * * * *
* * * * * * * *
Делаем ход (2, 3)

Игрок MAX, состояние игры:
* * * * * * * *
* * * * * * * *
* * * w * * * *
* * b w b * * *
* * * w b b * *
* * * w * * * *
* * * * * * * *
* * * * * * * *
Оценка полезности: 0.033333333333333326

Возвращаемся к игроку MIN, состояние игры:
* * * * * * * *
* * * * * * * *
* * * * * * * *
* * b b b * * *
* * * w b b * *
* * * w * * * *
* * * * * * * *
* * * * * * * *
Делаем ход (4, 6)

Игрок MAX, состояние игры:
* * * * * * * *
* * * * * * * *
* * * * * * * *
* * b b b * * *
* * * w w w w *
* * * w * * * *
* * * * * * * *
* * * * * * * *
Оценка полезности: -0.125

Возвращаемся к игроку MIN, состояние игры:
* * * * * * * *
* * * * * * * *
* * * * * * * *
* * b b b * * *
* * * w b b * *
* * * w * * * *
* * * * * * * *
* * * * * * * *
Значение beta обновлено: -0.125
Делаем ход (2, 1)

Игрок MAX, состояние игры:
* * * * * * * *
* * * * * * * *
* w * * * * * *
* * w b b * * *
* * * w b b * *
* * * w * * * *
* * * * * * * *
* * * * * * * *
Оценка полезности: -0.05555555555555558

Возвращаемся к игроку MIN, состояние игры:
* * * * * * * *
* * * * * * * *
* * * * * * * *
* * b b b * * *
* * * w b b * *
* * * w * * * *
* * * * * * * *
* * * * * * * *
Делаем ход (3, 5)

Игрок MAX, состояние игры:
* * * * * * * *
* * * * * * * *
* * * * * * * *
* * b b b w * *
* * * w w b * *
* * * w * * * *
* * * * * * * *
* * * * * * * *
Оценка полезности: 0.033333333333333326

Возвращаемся к игроку MIN, состояние игры:
* * * * * * * *
* * * * * * * *
* * * * * * * *
* * b b b * * *
* * * w b b * *
* * * w * * * *
* * * * * * * *
* * * * * * * *
После перебора всех вариантов худшее значение = -0.125
Куда двигаться из этого положения: (4, 6)

Возвращаемся к игроку MAX, состояние игры:
* * * * * * * *
* * * * * * * *
* * * * * * * *
* * * w b * * *
* * * w b b * *
* * * w * * * *
* * * * * * * *
* * * * * * * *
Значение alpha обновлено: -0.125
Делаем ход (6, 2)

Игрок MIN, состояние игры:
* * * * * * * *
* * * * * * * *
* * * * * * * *
* * * w b * * *
* * * w b b * *
* * * b * * * *
* * b * * * * *
* * * * * * * *
Делаем ход (6, 3)

Игрок MAX, состояние игры:
* * * * * * * *
* * * * * * * *
* * * * * * * *
* * * w b * * *
* * * w b b * *
* * * w * * * *
* * b w * * * *
* * * * * * * *
Оценка полезности: 0.04545454545454547

Возвращаемся к игроку MIN, состояние игры:
* * * * * * * *
* * * * * * * *
* * * * * * * *
* * * w b * * *
* * * w b b * *
* * * b * * * *
* * b * * * * *
* * * * * * * *
Делаем ход (4, 6)

Игрок MAX, состояние игры:
* * * * * * * *
* * * * * * * *
* * * * * * * *
* * * w b * * *
* * * w w w w *
* * * b * * * *
* * b * * * * *
* * * * * * * *
Оценка полезности: -0.125

Возвращаемся к игроку MIN, состояние игры:
* * * * * * * *
* * * * * * * *
* * * * * * * *
* * * w b * * *
* * * w b b * *
* * * b * * * *
* * b * * * * *
* * * * * * * *
Отсечение! худшее значение = -0.125  alpha = -0.125
Куда двигаться из этого положения: (4, 6)

Возвращаемся к игроку MAX, состояние игры:
* * * * * * * *
* * * * * * * *
* * * * * * * *
* * * w b * * *
* * * w b b * *
* * * w * * * *
* * * * * * * *
* * * * * * * *
Делаем ход (5, 2)

Игрок MIN, состояние игры:
* * * * * * * *
* * * * * * * *
* * * * * * * *
* * * w b * * *
* * * b b b * *
* * b w * * * *
* * * * * * * *
* * * * * * * *
Делаем ход (5, 1)

Игрок MAX, состояние игры:
* * * * * * * *
* * * * * * * *
* * * * * * * *
* * * w b * * *
* * * b b b * *
* w w w * * * *
* * * * * * * *
* * * * * * * *
Оценка полезности: -0.16666666666666663

Возвращаемся к игроку MIN, состояние игры:
* * * * * * * *
* * * * * * * *
* * * * * * * *
* * * w b * * *
* * * b b b * *
* * b w * * * *
* * * * * * * *
* * * * * * * *
Отсечение! худшее значение = -0.16666666666666663  alpha = -0.125
Куда двигаться из этого положения: (5, 1)

Возвращаемся к игроку MAX, состояние игры:
* * * * * * * *
* * * * * * * *
* * * * * * * *
* * * w b * * *
* * * w b b * *
* * * w * * * *
* * * * * * * *
* * * * * * * *
Делаем ход (2, 2)

Игрок MIN, состояние игры:
* * * * * * * *
* * * * * * * *
* * b * * * * *
* * * b b * * *
* * * w b b * *
* * * w * * * *
* * * * * * * *
* * * * * * * *
Делаем ход (2, 5)

Игрок MAX, состояние игры:
* * * * * * * *
* * * * * * * *
* * b * * w * *
* * * b w * * *
* * * w b b * *
* * * w * * * *
* * * * * * * *
* * * * * * * *
Оценка полезности: 0.0

Возвращаемся к игроку MIN, состояние игры:
* * * * * * * *
* * * * * * * *
* * b * * * * *
* * * b b * * *
* * * w b b * *
* * * w * * * *
* * * * * * * *
* * * * * * * *
Делаем ход (2, 3)

Игрок MAX, состояние игры:
* * * * * * * *
* * * * * * * *
* * b w * * * *
* * * w b * * *
* * * w b b * *
* * * w * * * *
* * * * * * * *
* * * * * * * *
Оценка полезности: 0.038461538461538436

Возвращаемся к игроку MIN, состояние игры:
* * * * * * * *
* * * * * * * *
* * b * * * * *
* * * b b * * *
* * * w b b * *
* * * w * * * *
* * * * * * * *
* * * * * * * *
Делаем ход (4, 6)

Игрок MAX, состояние игры:
* * * * * * * *
* * * * * * * *
* * b * * * * *
* * * b b * * *
* * * w w w w *
* * * w * * * *
* * * * * * * *
* * * * * * * *
Оценка полезности: -0.18055555555555558

Возвращаемся к игроку MIN, состояние игры:
* * * * * * * *
* * * * * * * *
* * b * * * * *
* * * b b * * *
* * * w b b * *
* * * w * * * *
* * * * * * * *
* * * * * * * *
Отсечение! худшее значение = -0.18055555555555558  alpha = -0.125
Куда двигаться из этого положения: (4, 6)

Возвращаемся к игроку MAX, состояние игры:
* * * * * * * *
* * * * * * * *
* * * * * * * *
* * * w b * * *
* * * w b b * *
* * * w * * * *
* * * * * * * *
* * * * * * * *
После перебора всех вариантов лучшее значение = -0.125
Куда двигаться из этого положения: (3, 2)->(4, 6)

Возвращаемся к игроку MIN, состояние игры:
* * * * * * * *
* * * * * * * *
* * * * * * * *
* * * w b * * *
* * * b b b * *
* * * * * * * *
* * * * * * * *
* * * * * * * *
Значение beta обновлено: -0.125
После перебора всех вариантов худшее значение = -0.125
Куда двигаться из этого положения: (5, 3)->(3, 2)->(4, 6)

Возвращаемся к игроку MAX, состояние игры:
* * * * * * * *
* * * * * * * *
* * * * * * * *
* * * w b * * *
* * * b w * * *
* * * * * * * *
* * * * * * * *
* * * * * * * *
Значение alpha обновлено: -0.125
Делаем ход (5, 4)

Игрок MIN, состояние игры:
* * * * * * * *
* * * * * * * *
* * * * * * * *
* * * w b * * *
* * * b b * * *
* * * * b * * *
* * * * * * * *
* * * * * * * *
Делаем ход (3, 5)

Игрок MAX, состояние игры:
* * * * * * * *
* * * * * * * *
* * * * * * * *
* * * w w w * *
* * * b b * * *
* * * * b * * *
* * * * * * * *
* * * * * * * *
Делаем ход (2, 5)

Игрок MIN, состояние игры:
* * * * * * * *
* * * * * * * *
* * * * * b * *
* * * w b w * *
* * * b b * * *
* * * * b * * *
* * * * * * * *
* * * * * * * *
Делаем ход (1, 5)

Игрок MAX, состояние игры:
* * * * * * * *
* * * * * w * *
* * * * * w * *
* * * w b w * *
* * * b b * * *
* * * * b * * *
* * * * * * * *
* * * * * * * *
Оценка полезности: -0.16666666666666663

Возвращаемся к игроку MIN, состояние игры:
* * * * * * * *
* * * * * * * *
* * * * * b * *
* * * w b w * *
* * * b b * * *
* * * * b * * *
* * * * * * * *
* * * * * * * *
Отсечение! худшее значение = -0.16666666666666663  alpha = -0.125
Куда двигаться из этого положения: (1, 5)

Возвращаемся к игроку MAX, состояние игры:
* * * * * * * *
* * * * * * * *
* * * * * * * *
* * * w w w * *
* * * b b * * *
* * * * b * * *
* * * * * * * *
* * * * * * * *
Делаем ход (2, 6)

Игрок MIN, состояние игры:
* * * * * * * *
* * * * * * * *
* * * * * * b *
* * * w w b * *
* * * b b * * *
* * * * b * * *
* * * * * * * *
* * * * * * * *
Делаем ход (6, 4)

Игрок MAX, состояние игры:
* * * * * * * *
* * * * * * * *
* * * * * * b *
* * * w w b * *
* * * b w * * *
* * * * w * * *
* * * * w * * *
* * * * * * * *
Оценка полезности: -0.125

Возвращаемся к игроку MIN, состояние игры:
* * * * * * * *
* * * * * * * *
* * * * * * b *
* * * w w b * *
* * * b b * * *
* * * * b * * *
* * * * * * * *
* * * * * * * *
Отсечение! худшее значение = -0.125  alpha = -0.125
Куда двигаться из этого положения: (6, 4)

Возвращаемся к игроку MAX, состояние игры:
* * * * * * * *
* * * * * * * *
* * * * * * * *
* * * w w w * *
* * * b b * * *
* * * * b * * *
* * * * * * * *
* * * * * * * *
Делаем ход (2, 3)

Игрок MIN, состояние игры:
* * * * * * * *
* * * * * * * *
* * * b * * * *
* * * b w w * *
* * * b b * * *
* * * * b * * *
* * * * * * * *
* * * * * * * *
Делаем ход (1, 2)

Игрок MAX, состояние игры:
* * * * * * * *
* * w * * * * *
* * * w * * * *
* * * b w w * *
* * * b b * * *
* * * * b * * *
* * * * * * * *
* * * * * * * *
Оценка полезности: -0.05555555555555558

Возвращаемся к игроку MIN, состояние игры:
* * * * * * * *
* * * * * * * *
* * * b * * * *
* * * b w w * *
* * * b b * * *
* * * * b * * *
* * * * * * * *
* * * * * * * *
Значение beta обновлено: -0.05555555555555558
Делаем ход (6, 4)

Игрок MAX, состояние игры:
* * * * * * * *
* * * * * * * *
* * * b * * * *
* * * b w w * *
* * * b w * * *
* * * * w * * *
* * * * w * * *
* * * * * * * *
Оценка полезности: -0.125

Возвращаемся к игроку MIN, состояние игры:
* * * * * * * *
* * * * * * * *
* * * b * * * *
* * * b w w * *
* * * b b * * *
* * * * b * * *
* * * * * * * *
* * * * * * * *
Отсечение! худшее значение = -0.125  alpha = -0.125
Куда двигаться из этого положения: (6, 4)

Возвращаемся к игроку MAX, состояние игры:
* * * * * * * *
* * * * * * * *
* * * * * * * *
* * * w w w * *
* * * b b * * *
* * * * b * * *
* * * * * * * *
* * * * * * * *
Делаем ход (2, 4)

Игрок MIN, состояние игры:
* * * * * * * *
* * * * * * * *
* * * * b * * *
* * * w b w * *
* * * b b * * *
* * * * b * * *
* * * * * * * *
* * * * * * * *
Делаем ход (1, 5)

Игрок MAX, состояние игры:
* * * * * * * *
* * * * * w * *
* * * * w * * *
* * * w b w * *
* * * b b * * *
* * * * b * * *
* * * * * * * *
* * * * * * * *
Оценка полезности: -0.16666666666666663

Возвращаемся к игроку MIN, состояние игры:
* * * * * * * *
* * * * * * * *
* * * * b * * *
* * * w b w * *
* * * b b * * *
* * * * b * * *
* * * * * * * *
* * * * * * * *
Отсечение! худшее значение = -0.16666666666666663  alpha = -0.125
Куда двигаться из этого положения: (1, 5)

Возвращаемся к игроку MAX, состояние игры:
* * * * * * * *
* * * * * * * *
* * * * * * * *
* * * w w w * *
* * * b b * * *
* * * * b * * *
* * * * * * * *
* * * * * * * *
Делаем ход (2, 2)

Игрок MIN, состояние игры:
* * * * * * * *
* * * * * * * *
* * b * * * * *
* * * b w w * *
* * * b b * * *
* * * * b * * *
* * * * * * * *
* * * * * * * *
Делаем ход (6, 4)

Игрок MAX, состояние игры:
* * * * * * * *
* * * * * * * *
* * b * * * * *
* * * b w w * *
* * * b w * * *
* * * * w * * *
* * * * w * * *
* * * * * * * *
Оценка полезности: -0.18055555555555558

Возвращаемся к игроку MIN, состояние игры:
* * * * * * * *
* * * * * * * *
* * b * * * * *
* * * b w w * *
* * * b b * * *
* * * * b * * *
* * * * * * * *
* * * * * * * *
Отсечение! худшее значение = -0.18055555555555558  alpha = -0.125
Куда двигаться из этого положения: (6, 4)

Возвращаемся к игроку MAX, состояние игры:
* * * * * * * *
* * * * * * * *
* * * * * * * *
* * * w w w * *
* * * b b * * *
* * * * b * * *
* * * * * * * *
* * * * * * * *
После перебора всех вариантов лучшее значение = -0.125
Куда двигаться из этого положения: (2, 6)->(6, 4)

Возвращаемся к игроку MIN, состояние игры:
* * * * * * * *
* * * * * * * *
* * * * * * * *
* * * w b * * *
* * * b b * * *
* * * * b * * *
* * * * * * * *
* * * * * * * *
Отсечение! худшее значение = -0.125  alpha = -0.125
Куда двигаться из этого положения: (3, 5)->(2, 6)->(6, 4)

Возвращаемся к игроку MAX, состояние игры:
* * * * * * * *
* * * * * * * *
* * * * * * * *
* * * w b * * *
* * * b w * * *
* * * * * * * *
* * * * * * * *
* * * * * * * *
Делаем ход (3, 2)

Игрок MIN, состояние игры:
* * * * * * * *
* * * * * * * *
* * * * * * * *
* * b b b * * *
* * * b w * * *
* * * * * * * *
* * * * * * * *
* * * * * * * *
Делаем ход (4, 2)

Игрок MAX, состояние игры:
* * * * * * * *
* * * * * * * *
* * * * * * * *
* * b b b * * *
* * w w w * * *
* * * * * * * *
* * * * * * * *
* * * * * * * *
Делаем ход (5, 1)

Игрок MIN, состояние игры:
* * * * * * * *
* * * * * * * *
* * * * * * * *
* * b b b * * *
* * b w w * * *
* b * * * * * *
* * * * * * * *
* * * * * * * *
Делаем ход (2, 1)

Игрок MAX, состояние игры:
* * * * * * * *
* * * * * * * *
* w * * * * * *
* * w b b * * *
* * b w w * * *
* b * * * * * *
* * * * * * * *
* * * * * * * *
Оценка полезности: 0.0

Возвращаемся к игроку MIN, состояние игры:
* * * * * * * *
* * * * * * * *
* * * * * * * *
* * b b b * * *
* * b w w * * *
* b * * * * * *
* * * * * * * *
* * * * * * * *
Значение beta обновлено: 0.0
Делаем ход (2, 3)

Игрок MAX, состояние игры:
* * * * * * * *
* * * * * * * *
* * * w * * * *
* * b w b * * *
* * b w w * * *
* b * * * * * *
* * * * * * * *
* * * * * * * *
Оценка полезности: 0.07142857142857145

Возвращаемся к игроку MIN, состояние игры:
* * * * * * * *
* * * * * * * *
* * * * * * * *
* * b b b * * *
* * b w w * * *
* b * * * * * *
* * * * * * * *
* * * * * * * *
Делаем ход (2, 2)

Игрок MAX, состояние игры:
* * * * * * * *
* * * * * * * *
* * w * * * * *
* * b w b * * *
* * b w w * * *
* b * * * * * *
* * * * * * * *
* * * * * * * *
Оценка полезности: 0.11538461538461536

Возвращаемся к игроку MIN, состояние игры:
* * * * * * * *
* * * * * * * *
* * * * * * * *
* * b b b * * *
* * b w w * * *
* b * * * * * *
* * * * * * * *
* * * * * * * *
Делаем ход (2, 5)

Игрок MAX, состояние игры:
* * * * * * * *
* * * * * * * *
* * * * * w * *
* * b b w * * *
* * b w w * * *
* b * * * * * *
* * * * * * * *
* * * * * * * *
Оценка полезности: 0.0

Возвращаемся к игроку MIN, состояние игры:
* * * * * * * *
* * * * * * * *
* * * * * * * *
* * b b b * * *
* * b w w * * *
* b * * * * * *
* * * * * * * *
* * * * * * * *
Делаем ход (4, 1)

Игрок MAX, состояние игры:
* * * * * * * *
* * * * * * * *
* * * * * * * *
* * b b b * * *
* w w w w * * *
* b * * * * * *
* * * * * * * *
* * * * * * * *
Оценка полезности: 0.038461538461538436

Возвращаемся к игроку MIN, состояние игры:
* * * * * * * *
* * * * * * * *
* * * * * * * *
* * b b b * * *
* * b w w * * *
* b * * * * * *
* * * * * * * *
* * * * * * * *
Делаем ход (2, 4)

Игрок MAX, состояние игры:
* * * * * * * *
* * * * * * * *
* * * * w * * *
* * b b w * * *
* * b w w * * *
* b * * * * * *
* * * * * * * *
* * * * * * * *
Оценка полезности: 0.0

Возвращаемся к игроку MIN, состояние игры:
* * * * * * * *
* * * * * * * *
* * * * * * * *
* * b b b * * *
* * b w w * * *
* b * * * * * *
* * * * * * * *
* * * * * * * *
После перебора всех вариантов худшее значение = 0.0
Куда двигаться из этого положения: (2, 1)

Возвращаемся к игроку MAX, состояние игры:
* * * * * * * *
* * * * * * * *
* * * * * * * *
* * b b b * * *
* * w w w * * *
* * * * * * * *
* * * * * * * *
* * * * * * * *
Значение alpha обновлено: 0.0
Делаем ход (5, 4)

Игрок MIN, состояние игры:
* * * * * * * *
* * * * * * * *
* * * * * * * *
* * b b b * * *
* * w b b * * *
* * * * b * * *
* * * * * * * *
* * * * * * * *
Делаем ход (4, 5)

Игрок MAX, состояние игры:
* * * * * * * *
* * * * * * * *
* * * * * * * *
* * b b b * * *
* * w w w w * *
* * * * b * * *
* * * * * * * *
* * * * * * * *
Оценка полезности: 0.07142857142857145

Возвращаемся к игроку MIN, состояние игры:
* * * * * * * *
* * * * * * * *
* * * * * * * *
* * b b b * * *
* * w b b * * *
* * * * b * * *
* * * * * * * *
* * * * * * * *
Значение beta обновлено: 0.07142857142857145
Делаем ход (2, 4)

Игрок MAX, состояние игры:
* * * * * * * *
* * * * * * * *
* * * * w * * *
* * b w b * * *
* * w b b * * *
* * * * b * * *
* * * * * * * *
* * * * * * * *
Оценка полезности: 0.20833333333333331

Возвращаемся к игроку MIN, состояние игры:
* * * * * * * *
* * * * * * * *
* * * * * * * *
* * b b b * * *
* * w b b * * *
* * * * b * * *
* * * * * * * *
* * * * * * * *
Делаем ход (2, 2)

Игрок MAX, состояние игры:
* * * * * * * *
* * * * * * * *
* * w * * * * *
* * w b b * * *
* * w b b * * *
* * * * b * * *
* * * * * * * *
* * * * * * * *
Оценка полезности: 0.125

Возвращаемся к игроку MIN, состояние игры:
* * * * * * * *
* * * * * * * *
* * * * * * * *
* * b b b * * *
* * w b b * * *
* * * * b * * *
* * * * * * * *
* * * * * * * *
После перебора всех вариантов худшее значение = 0.07142857142857145
Куда двигаться из этого положения: (4, 5)

Возвращаемся к игроку MAX, состояние игры:
* * * * * * * *
* * * * * * * *
* * * * * * * *
* * b b b * * *
* * w w w * * *
* * * * * * * *
* * * * * * * *
* * * * * * * *
Значение alpha обновлено: 0.07142857142857145
Делаем ход (5, 2)

Игрок MIN, состояние игры:
* * * * * * * *
* * * * * * * *
* * * * * * * *
* * b b b * * *
* * b b w * * *
* * b * * * * *
* * * * * * * *
* * * * * * * *
Делаем ход (4, 1)

Игрок MAX, состояние игры:
* * * * * * * *
* * * * * * * *
* * * * * * * *
* * b b b * * *
* w w w w * * *
* * b * * * * *
* * * * * * * *
* * * * * * * *
Оценка полезности: 0.07142857142857145

Возвращаемся к игроку MIN, состояние игры:
* * * * * * * *
* * * * * * * *
* * * * * * * *
* * b b b * * *
* * b b w * * *
* * b * * * * *
* * * * * * * *
* * * * * * * *
Отсечение! худшее значение = 0.07142857142857145  alpha = 0.07142857142857145
Куда двигаться из этого положения: (4, 1)

Возвращаемся к игроку MAX, состояние игры:
* * * * * * * *
* * * * * * * *
* * * * * * * *
* * b b b * * *
* * w w w * * *
* * * * * * * *
* * * * * * * *
* * * * * * * *
Делаем ход (5, 5)

Игрок MIN, состояние игры:
* * * * * * * *
* * * * * * * *
* * * * * * * *
* * b b b * * *
* * w w b * * *
* * * * * b * *
* * * * * * * *
* * * * * * * *
Делаем ход (4, 5)

Игрок MAX, состояние игры:
* * * * * * * *
* * * * * * * *
* * * * * * * *
* * b b b * * *
* * w w w w * *
* * * * * b * *
* * * * * * * *
* * * * * * * *
Оценка полезности: 0.038461538461538436

Возвращаемся к игроку MIN, состояние игры:
* * * * * * * *
* * * * * * * *
* * * * * * * *
* * b b b * * *
* * w w b * * *
* * * * * b * *
* * * * * * * *
* * * * * * * *
Отсечение! худшее значение = 0.038461538461538436  alpha = 0.07142857142857145
Куда двигаться из этого положения: (4, 5)

Возвращаемся к игроку MAX, состояние игры:
* * * * * * * *
* * * * * * * *
* * * * * * * *
* * b b b * * *
* * w w w * * *
* * * * * * * *
* * * * * * * *
* * * * * * * *
Делаем ход (5, 3)

Игрок MIN, состояние игры:
* * * * * * * *
* * * * * * * *
* * * * * * * *
* * b b b * * *
* * w b w * * *
* * * b * * * *
* * * * * * * *
* * * * * * * *
Делаем ход (6, 4)

Игрок MAX, состояние игры:
* * * * * * * *
* * * * * * * *
* * * * * * * *
* * b b b * * *
* * w b w * * *
* * * w * * * *
* * * * w * * *
* * * * * * * *
Оценка полезности: -0.19999999999999996

Возвращаемся к игроку MIN, состояние игры:
* * * * * * * *
* * * * * * * *
* * * * * * * *
* * b b b * * *
* * w b w * * *
* * * b * * * *
* * * * * * * *
* * * * * * * *
Отсечение! худшее значение = -0.19999999999999996  alpha = 0.07142857142857145
Куда двигаться из этого положения: (6, 4)

Возвращаемся к игроку MAX, состояние игры:
* * * * * * * *
* * * * * * * *
* * * * * * * *
* * b b b * * *
* * w w w * * *
* * * * * * * *
* * * * * * * *
* * * * * * * *
После перебора всех вариантов лучшее значение = 0.07142857142857145
Куда двигаться из этого положения: (5, 4)->(4, 5)

Возвращаемся к игроку MIN, состояние игры:
* * * * * * * *
* * * * * * * *
* * * * * * * *
* * b b b * * *
* * * b w * * *
* * * * * * * *
* * * * * * * *
* * * * * * * *
Значение beta обновлено: 0.07142857142857145
Делаем ход (2, 4)

Игрок MAX, состояние игры:
* * * * * * * *
* * * * * * * *
* * * * w * * *
* * b b w * * *
* * * b w * * *
* * * * * * * *
* * * * * * * *
* * * * * * * *
Делаем ход (4, 5)

Игрок MIN, состояние игры:
* * * * * * * *
* * * * * * * *
* * * * w * * *
* * b b w * * *
* * * b b b * *
* * * * * * * *
* * * * * * * *
* * * * * * * *
Делаем ход (5, 6)

Игрок MAX, состояние игры:
* * * * * * * *
* * * * * * * *
* * * * w * * *
* * b b w * * *
* * * b b w * *
* * * * * * w *
* * * * * * * *
* * * * * * * *
Оценка полезности: -0.05555555555555558

Возвращаемся к игроку MIN, состояние игры:
* * * * * * * *
* * * * * * * *
* * * * w * * *
* * b b w * * *
* * * b b b * *
* * * * * * * *
* * * * * * * *
* * * * * * * *
Значение beta обновлено: -0.05555555555555558
Делаем ход (4, 2)

Игрок MAX, состояние игры:
* * * * * * * *
* * * * * * * *
* * * * w * * *
* * b w w * * *
* * w b b b * *
* * * * * * * *
* * * * * * * *
* * * * * * * *
Оценка полезности: 0.033333333333333326

Возвращаемся к игроку MIN, состояние игры:
* * * * * * * *
* * * * * * * *
* * * * w * * *
* * b b w * * *
* * * b b b * *
* * * * * * * *
* * * * * * * *
* * * * * * * *
Делаем ход (5, 4)

Игрок MAX, состояние игры:
* * * * * * * *
* * * * * * * *
* * * * w * * *
* * b b w * * *
* * * b w b * *
* * * * w * * *
* * * * * * * *
* * * * * * * *
Оценка полезности: 0.033333333333333326

Возвращаемся к игроку MIN, состояние игры:
* * * * * * * *
* * * * * * * *
* * * * w * * *
* * b b w * * *
* * * b b b * *
* * * * * * * *
* * * * * * * *
* * * * * * * *
Делаем ход (3, 1)

Игрок MAX, состояние игры:
* * * * * * * *
* * * * * * * *
* * * * w * * *
* w w w w * * *
* * * b b b * *
* * * * * * * *
* * * * * * * *
* * * * * * * *
Оценка полезности: -0.125

Возвращаемся к игроку MIN, состояние игры:
* * * * * * * *
* * * * * * * *
* * * * w * * *
* * b b w * * *
* * * b b b * *
* * * * * * * *
* * * * * * * *
* * * * * * * *
Отсечение! худшее значение = -0.125  alpha = -0.125
Куда двигаться из этого положения: (3, 1)

Возвращаемся к игроку MAX, состояние игры:
* * * * * * * *
* * * * * * * *
* * * * w * * *
* * b b w * * *
* * * b w * * *
* * * * * * * *
* * * * * * * *
* * * * * * * *
Делаем ход (1, 5)

Игрок MIN, состояние игры:
* * * * * * * *
* * * * * b * *
* * * * b * * *
* * b b w * * *
* * * b w * * *
* * * * * * * *
* * * * * * * *
* * * * * * * *
Делаем ход (4, 2)

Игрок MAX, состояние игры:
* * * * * * * *
* * * * * b * *
* * * * b * * *
* * b b w * * *
* * w w w * * *
* * * * * * * *
* * * * * * * *
* * * * * * * *
Оценка полезности: 0.0

Возвращаемся к игроку MIN, состояние игры:
* * * * * * * *
* * * * * b * *
* * * * b * * *
* * b b w * * *
* * * b w * * *
* * * * * * * *
* * * * * * * *
* * * * * * * *
Значение beta обновлено: 0.0
Делаем ход (3, 1)

Игрок MAX, состояние игры:
* * * * * * * *
* * * * * b * *
* * * * b * * *
* w w w w * * *
* * * b w * * *
* * * * * * * *
* * * * * * * *
* * * * * * * *
Оценка полезности: -0.125

Возвращаемся к игроку MIN, состояние игры:
* * * * * * * *
* * * * * b * *
* * * * b * * *
* * b b w * * *
* * * b w * * *
* * * * * * * *
* * * * * * * *
* * * * * * * *
Отсечение! худшее значение = -0.125  alpha = -0.125
Куда двигаться из этого положения: (3, 1)

Возвращаемся к игроку MAX, состояние игры:
* * * * * * * *
* * * * * * * *
* * * * w * * *
* * b b w * * *
* * * b w * * *
* * * * * * * *
* * * * * * * *
* * * * * * * *
Делаем ход (2, 5)

Игрок MIN, состояние игры:
* * * * * * * *
* * * * * * * *
* * * * w b * *
* * b b b * * *
* * * b w * * *
* * * * * * * *
* * * * * * * *
* * * * * * * *
Делаем ход (4, 2)

Игрок MAX, состояние игры:
* * * * * * * *
* * * * * * * *
* * * * w b * *
* * b w b * * *
* * w w w * * *
* * * * * * * *
* * * * * * * *
* * * * * * * *
Оценка полезности: -0.025000000000000022

Возвращаемся к игроку MIN, состояние игры:
* * * * * * * *
* * * * * * * *
* * * * w b * *
* * b b b * * *
* * * b w * * *
* * * * * * * *
* * * * * * * *
* * * * * * * *
Значение beta обновлено: -0.025000000000000022
Делаем ход (2, 6)

Игрок MAX, состояние игры:
* * * * * * * *
* * * * * * * *
* * * * w w w *
* * b b b * * *
* * * b w * * *
* * * * * * * *
* * * * * * * *
* * * * * * * *
Оценка полезности: -0.16666666666666663

Возвращаемся к игроку MIN, состояние игры:
* * * * * * * *
* * * * * * * *
* * * * w b * *
* * b b b * * *
* * * b w * * *
* * * * * * * *
* * * * * * * *
* * * * * * * *
Отсечение! худшее значение = -0.16666666666666663  alpha = -0.125
Куда двигаться из этого положения: (2, 6)

Возвращаемся к игроку MAX, состояние игры:
* * * * * * * *
* * * * * * * *
* * * * w * * *
* * b b w * * *
* * * b w * * *
* * * * * * * *
* * * * * * * *
* * * * * * * *
Делаем ход (5, 5)

Игрок MIN, состояние игры:
* * * * * * * *
* * * * * * * *
* * * * w * * *
* * b b w * * *
* * * b b * * *
* * * * * b * *
* * * * * * * *
* * * * * * * *
Делаем ход (4, 2)

Игрок MAX, состояние игры:
* * * * * * * *
* * * * * * * *
* * * * w * * *
* * b w w * * *
* * w b b * * *
* * * * * b * *
* * * * * * * *
* * * * * * * *
Оценка полезности: 0.0

Возвращаемся к игроку MIN, состояние игры:
* * * * * * * *
* * * * * * * *
* * * * w * * *
* * b b w * * *
* * * b b * * *
* * * * * b * *
* * * * * * * *
* * * * * * * *
Значение beta обновлено: 0.0
Делаем ход (5, 4)

Игрок MAX, состояние игры:
* * * * * * * *
* * * * * * * *
* * * * w * * *
* * b b w * * *
* * * b w * * *
* * * * w b * *
* * * * * * * *
* * * * * * * *
Оценка полезности: 0.038461538461538436

Возвращаемся к игроку MIN, состояние игры:
* * * * * * * *
* * * * * * * *
* * * * w * * *
* * b b w * * *
* * * b b * * *
* * * * * b * *
* * * * * * * *
* * * * * * * *
Делаем ход (3, 1)

Игрок MAX, состояние игры:
* * * * * * * *
* * * * * * * *
* * * * w * * *
* w w w w * * *
* * * b b * * *
* * * * * b * *
* * * * * * * *
* * * * * * * *
Оценка полезности: -0.18055555555555558

Возвращаемся к игроку MIN, состояние игры:
* * * * * * * *
* * * * * * * *
* * * * w * * *
* * b b w * * *
* * * b b * * *
* * * * * b * *
* * * * * * * *
* * * * * * * *
Отсечение! худшее значение = -0.18055555555555558  alpha = -0.125
Куда двигаться из этого положения: (3, 1)

Возвращаемся к игроку MAX, состояние игры:
* * * * * * * *
* * * * * * * *
* * * * w * * *
* * b b w * * *
* * * b w * * *
* * * * * * * *
* * * * * * * *
* * * * * * * *
Делаем ход (3, 5)

Игрок MIN, состояние игры:
* * * * * * * *
* * * * * * * *
* * * * w * * *
* * b b b b * *
* * * b w * * *
* * * * * * * *
* * * * * * * *
* * * * * * * *
Делаем ход (4, 2)

Игрок MAX, состояние игры:
* * * * * * * *
* * * * * * * *
* * * * w * * *
* * b w b b * *
* * w w w * * *
* * * * * * * *
* * * * * * * *
* * * * * * * *
Оценка полезности: -0.041666666666666685

Возвращаемся к игроку MIN, состояние игры:
* * * * * * * *
* * * * * * * *
* * * * w * * *
* * b b b b * *
* * * b w * * *
* * * * * * * *
* * * * * * * *
* * * * * * * *
Значение beta обновлено: -0.041666666666666685
Делаем ход (2, 6)

Игрок MAX, состояние игры:
* * * * * * * *
* * * * * * * *
* * * * w * w *
* * b b b w * *
* * * b w * * *
* * * * * * * *
* * * * * * * *
* * * * * * * *
Оценка полезности: -0.16666666666666663

Возвращаемся к игроку MIN, состояние игры:
* * * * * * * *
* * * * * * * *
* * * * w * * *
* * b b b b * *
* * * b w * * *
* * * * * * * *
* * * * * * * *
* * * * * * * *
Отсечение! худшее значение = -0.16666666666666663  alpha = -0.125
Куда двигаться из этого положения: (2, 6)

Возвращаемся к игроку MAX, состояние игры:
* * * * * * * *
* * * * * * * *
* * * * w * * *
* * b b w * * *
* * * b w * * *
* * * * * * * *
* * * * * * * *
* * * * * * * *
После перебора всех вариантов лучшее значение = -0.125
Куда двигаться из этого положения: (4, 5)->(3, 1)

Возвращаемся к игроку MIN, состояние игры:
* * * * * * * *
* * * * * * * *
* * * * * * * *
* * b b b * * *
* * * b w * * *
* * * * * * * *
* * * * * * * *
* * * * * * * *
Отсечение! худшее значение = -0.125  alpha = -0.125
Куда двигаться из этого положения: (2, 4)->(4, 5)->(3, 1)

Возвращаемся к игроку MAX, состояние игры:
* * * * * * * *
* * * * * * * *
* * * * * * * *
* * * w b * * *
* * * b w * * *
* * * * * * * *
* * * * * * * *
* * * * * * * *
Делаем ход (2, 3)

Игрок MIN, состояние игры:
* * * * * * * *
* * * * * * * *
* * * b * * * *
* * * b b * * *
* * * b w * * *
* * * * * * * *
* * * * * * * *
* * * * * * * *
Делаем ход (4, 2)

Игрок MAX, состояние игры:
* * * * * * * *
* * * * * * * *
* * * b * * * *
* * * b b * * *
* * w w w * * *
* * * * * * * *
* * * * * * * *
* * * * * * * *
Делаем ход (5, 1)

Игрок MIN, состояние игры:
* * * * * * * *
* * * * * * * *
* * * b * * * *
* * * b b * * *
* * b w w * * *
* b * * * * * *
* * * * * * * *
* * * * * * * *
Делаем ход (2, 5)

Игрок MAX, состояние игры:
* * * * * * * *
* * * * * * * *
* * * b * w * *
* * * b w * * *
* * b w w * * *
* b * * * * * *
* * * * * * * *
* * * * * * * *
Оценка полезности: 0.05555555555555558

Возвращаемся к игроку MIN, состояние игры:
* * * * * * * *
* * * * * * * *
* * * b * * * *
* * * b b * * *
* * b w w * * *
* b * * * * * *
* * * * * * * *
* * * * * * * *
Значение beta обновлено: 0.05555555555555558
Делаем ход (1, 3)

Игрок MAX, состояние игры:
* * * * * * * *
* * * w * * * *
* * * w * * * *
* * * w b * * *
* * b w w * * *
* b * * * * * *
* * * * * * * *
* * * * * * * *
Оценка полезности: -0.125

Возвращаемся к игроку MIN, состояние игры:
* * * * * * * *
* * * * * * * *
* * * b * * * *
* * * b b * * *
* * b w w * * *
* b * * * * * *
* * * * * * * *
* * * * * * * *
Отсечение! худшее значение = -0.125  alpha = -0.125
Куда двигаться из этого положения: (1, 3)

Возвращаемся к игроку MAX, состояние игры:
* * * * * * * *
* * * * * * * *
* * * b * * * *
* * * b b * * *
* * w w w * * *
* * * * * * * *
* * * * * * * *
* * * * * * * *
Делаем ход (5, 4)

Игрок MIN, состояние игры:
* * * * * * * *
* * * * * * * *
* * * b * * * *
* * * b b * * *
* * w w b * * *
* * * * b * * *
* * * * * * * *
* * * * * * * *
Делаем ход (4, 5)

Игрок MAX, состояние игры:
* * * * * * * *
* * * * * * * *
* * * b * * * *
* * * b b * * *
* * w w w w * *
* * * * b * * *
* * * * * * * *
* * * * * * * *
Оценка полезности: 0.033333333333333326

Возвращаемся к игроку MIN, состояние игры:
* * * * * * * *
* * * * * * * *
* * * b * * * *
* * * b b * * *
* * w w b * * *
* * * * b * * *
* * * * * * * *
* * * * * * * *
Значение beta обновлено: 0.033333333333333326
Делаем ход (2, 5)

Игрок MAX, состояние игры:
* * * * * * * *
* * * * * * * *
* * * b * w * *
* * * b w * * *
* * w w b * * *
* * * * b * * *
* * * * * * * *
* * * * * * * *
Оценка полезности: 0.0

Возвращаемся к игроку MIN, состояние игры:
* * * * * * * *
* * * * * * * *
* * * b * * * *
* * * b b * * *
* * w w b * * *
* * * * b * * *
* * * * * * * *
* * * * * * * *
Значение beta обновлено: 0.0
Делаем ход (1, 3)

Игрок MAX, состояние игры:
* * * * * * * *
* * * w * * * *
* * * w * * * *
* * * w b * * *
* * w w b * * *
* * * * b * * *
* * * * * * * *
* * * * * * * *
Оценка полезности: -0.125

Возвращаемся к игроку MIN, состояние игры:
* * * * * * * *
* * * * * * * *
* * * b * * * *
* * * b b * * *
* * w w b * * *
* * * * b * * *
* * * * * * * *
* * * * * * * *
Отсечение! худшее значение = -0.125  alpha = -0.125
Куда двигаться из этого положения: (1, 3)

Возвращаемся к игроку MAX, состояние игры:
* * * * * * * *
* * * * * * * *
* * * b * * * *
* * * b b * * *
* * w w w * * *
* * * * * * * *
* * * * * * * *
* * * * * * * *
Делаем ход (5, 2)

Игрок MIN, состояние игры:
* * * * * * * *
* * * * * * * *
* * * b * * * *
* * * b b * * *
* * w b w * * *
* * b * * * * *
* * * * * * * *
* * * * * * * *
Делаем ход (6, 2)

Игрок MAX, состояние игры:
* * * * * * * *
* * * * * * * *
* * * b * * * *
* * * b b * * *
* * w b w * * *
* * w * * * * *
* * w * * * * *
* * * * * * * *
Оценка полезности: -0.16666666666666663

Возвращаемся к игроку MIN, состояние игры:
* * * * * * * *
* * * * * * * *
* * * b * * * *
* * * b b * * *
* * w b w * * *
* * b * * * * *
* * * * * * * *
* * * * * * * *
Отсечение! худшее значение = -0.16666666666666663  alpha = -0.125
Куда двигаться из этого положения: (6, 2)

Возвращаемся к игроку MAX, состояние игры:
* * * * * * * *
* * * * * * * *
* * * b * * * *
* * * b b * * *
* * w w w * * *
* * * * * * * *
* * * * * * * *
* * * * * * * *
Делаем ход (5, 5)

Игрок MIN, состояние игры:
* * * * * * * *
* * * * * * * *
* * * b * * * *
* * * b b * * *
* * w w b * * *
* * * * * b * *
* * * * * * * *
* * * * * * * *
Делаем ход (4, 5)

Игрок MAX, состояние игры:
* * * * * * * *
* * * * * * * *
* * * b * * * *
* * * b b * * *
* * w w w w * *
* * * * * b * *
* * * * * * * *
* * * * * * * *
Оценка полезности: 0.038461538461538436

Возвращаемся к игроку MIN, состояние игры:
* * * * * * * *
* * * * * * * *
* * * b * * * *
* * * b b * * *
* * w w b * * *
* * * * * b * *
* * * * * * * *
* * * * * * * *
Значение beta обновлено: 0.038461538461538436
Делаем ход (2, 5)

Игрок MAX, состояние игры:
* * * * * * * *
* * * * * * * *
* * * b * w * *
* * * b w * * *
* * w w b * * *
* * * * * b * *
* * * * * * * *
* * * * * * * *
Оценка полезности: 0.0

Возвращаемся к игроку MIN, состояние игры:
* * * * * * * *
* * * * * * * *
* * * b * * * *
* * * b b * * *
* * w w b * * *
* * * * * b * *
* * * * * * * *
* * * * * * * *
Значение beta обновлено: 0.0
Делаем ход (1, 3)

Игрок MAX, состояние игры:
* * * * * * * *
* * * w * * * *
* * * w * * * *
* * * w b * * *
* * w w b * * *
* * * * * b * *
* * * * * * * *
* * * * * * * *
Оценка полезности: -0.18055555555555558

Возвращаемся к игроку MIN, состояние игры:
* * * * * * * *
* * * * * * * *
* * * b * * * *
* * * b b * * *
* * w w b * * *
* * * * * b * *
* * * * * * * *
* * * * * * * *
Отсечение! худшее значение = -0.18055555555555558  alpha = -0.125
Куда двигаться из этого положения: (1, 3)

Возвращаемся к игроку MAX, состояние игры:
* * * * * * * *
* * * * * * * *
* * * b * * * *
* * * b b * * *
* * w w w * * *
* * * * * * * *
* * * * * * * *
* * * * * * * *
Делаем ход (5, 3)

Игрок MIN, состояние игры:
* * * * * * * *
* * * * * * * *
* * * b * * * *
* * * b b * * *
* * w b w * * *
* * * b * * * *
* * * * * * * *
* * * * * * * *
Делаем ход (6, 4)

Игрок MAX, состояние игры:
* * * * * * * *
* * * * * * * *
* * * b * * * *
* * * b b * * *
* * w b w * * *
* * * w * * * *
* * * * w * * *
* * * * * * * *
Оценка полезности: -0.16666666666666663

Возвращаемся к игроку MIN, состояние игры:
* * * * * * * *
* * * * * * * *
* * * b * * * *
* * * b b * * *
* * w b w * * *
* * * b * * * *
* * * * * * * *
* * * * * * * *
Отсечение! худшее значение = -0.16666666666666663  alpha = -0.125
Куда двигаться из этого положения: (6, 4)

Возвращаемся к игроку MAX, состояние игры:
* * * * * * * *
* * * * * * * *
* * * b * * * *
* * * b b * * *
* * w w w * * *
* * * * * * * *
* * * * * * * *
* * * * * * * *
После перебора всех вариантов лучшее значение = -0.125
Куда двигаться из этого положения: (5, 1)->(1, 3)

Возвращаемся к игроку MIN, состояние игры:
* * * * * * * *
* * * * * * * *
* * * b * * * *
* * * b b * * *
* * * b w * * *
* * * * * * * *
* * * * * * * *
* * * * * * * *
Отсечение! худшее значение = -0.125  alpha = -0.125
Куда двигаться из этого положения: (4, 2)->(5, 1)->(1, 3)

Возвращаемся к игроку MAX, состояние игры:
* * * * * * * *
* * * * * * * *
* * * * * * * *
* * * w b * * *
* * * b w * * *
* * * * * * * *
* * * * * * * *
* * * * * * * *
После перебора всех вариантов лучшее значение = -0.125
Куда двигаться из этого положения: (4, 5)->(5, 3)->(3, 2)->(4, 6)
* * * * * * * *
* * * * * * * *
* * * * * * * *
* * b b b * * *
* * * w w w w *
* * * w * * * *
* * * * * * * *
* * * * * * * *
